1506440076759	geckodriver	INFO	geckodriver 0.19.0
1506440076763	geckodriver	INFO	Listening on 127.0.0.1:34747
1506440077930	mozrunner::runner	INFO	Running command: "/usr/bin/firefox" "-marionette" "-profile" "/tmp/rust_mozprofile.B8bwfZJm4eu0"
1506440078995	Marionette	INFO	Enabled via --marionette
1506440082175	Marionette	INFO	Listening on port 44389
JavaScript error: chrome://marionette/content/server.js, line 337: NS_ERROR_SOCKET_ADDRESS_IN_USE: Component returned failure code: 0x804b0036 (NS_ERROR_SOCKET_ADDRESS_IN_USE) [nsIServerSocket.initSpecialConnection]
1506440082253	Marionette	WARN	TLS certificate errors will be ignored for this session
1506440082300	Marionette	DEBUG	loaded listener.js
1506440082335	Marionette	DEBUG	Received DOM event "beforeunload" for "about:blank"
1506440082349	Marionette	DEBUG	Received DOM event "beforeunload" for "about:blank"
1506440082352	Marionette	DEBUG	Received DOM event "pagehide" for "about:blank"
1506440082352	Marionette	DEBUG	Received DOM event "unload" for "about:blank"
1506440082386	Marionette	DEBUG	Received DOM event "DOMContentLoaded" for "about:neterror?e=connectionFailure&u=http%3A//localhost%3A8000/&c=UTF-8&f=regular&d=Firefox%20can%E2%80%99t%20establish%20a%20connection%20to%20the%20server%20at%20localhost%3A8000."
1506440082428	Marionette	INFO	New connections will no longer be accepted
[Child 8442] WARNING: pipe error (16): Connection reset by peer: file /build/firefox-9jef4m/firefox-55.0.2+linuxmint1+sonya/ipc/chromium/src/chrome/common/ipc_channel_posix.cc, line 353
1506440201927	geckodriver	INFO	geckodriver 0.19.0
1506440201931	geckodriver	INFO	Listening on 127.0.0.1:48457
1506440203113	mozrunner::runner	INFO	Running command: "/usr/bin/firefox" "-marionette" "-profile" "/tmp/rust_mozprofile.1q0v5wHjlWNn"
1506440204141	Marionette	INFO	Enabled via --marionette
1506440207417	Marionette	INFO	Listening on port 44237
JavaScript error: chrome://marionette/content/server.js, line 337: NS_ERROR_SOCKET_ADDRESS_IN_USE: Component returned failure code: 0x804b0036 (NS_ERROR_SOCKET_ADDRESS_IN_USE) [nsIServerSocket.initSpecialConnection]
1506440207440	Marionette	WARN	TLS certificate errors will be ignored for this session
1506440207492	Marionette	DEBUG	loaded listener.js
1506440207534	Marionette	DEBUG	Received DOM event "beforeunload" for "about:blank"
1506440207553	Marionette	DEBUG	Received DOM event "pagehide" for "about:blank"
1506440207554	Marionette	DEBUG	Received DOM event "unload" for "about:blank"
1506440207563	Marionette	DEBUG	Received DOM event "DOMContentLoaded" for "http://localhost:8000/"
1506440207587	Marionette	DEBUG	Received DOM event "pageshow" for "http://localhost:8000/"
1506440207655	Marionette	INFO	New connections will no longer be accepted
